build/app/intermediates/manifest_merge_blame_file/developmentDebug/manifest-merger-blame-development-debug-report.txt
1<?xml version="1.0" encoding="utf-8"?>
2<manifest xmlns:android="http://schemas.android.com/apk/res/android"
3    package="sg.vinova.application.dev"
4    android:versionCode="1"
5    android:versionName="1.0.0" >
6
7    <uses-sdk
8        android:minSdkVersion="16"
9        android:targetSdkVersion="31" />
10    <!--
11         The INTERNET permission is required for development. Specifically,
12         the Flutter tool needs it to communicate with the running application
13         to allow setting breakpoints, to provide hot reload, etc.
14    -->
15    <uses-permission android:name="android.permission.INTERNET" />
15-->src\main\AndroidManifest.xml:3:5-67
15-->src\main\AndroidManifest.xml:3:22-64
16    <uses-permission android:name="android.permission.ACCESS_NETWORK_STATE" />
16-->src\main\AndroidManifest.xml:4:5-79
16-->src\main\AndroidManifest.xml:4:22-76
17    <uses-permission android:name="android.permission.READ_EXTERNAL_STORAGE" />
17-->src\main\AndroidManifest.xml:5:5-80
17-->src\main\AndroidManifest.xml:5:22-77
18    <uses-permission android:name="android.permission.WRITE_EXTERNAL_STORAGE" />
18-->src\main\AndroidManifest.xml:6:5-81
18-->src\main\AndroidManifest.xml:6:22-78
19    <uses-permission android:name="android.permission.CAMERA" />
19-->src\main\AndroidManifest.xml:7:5-65
19-->src\main\AndroidManifest.xml:7:22-62
20
21    <application
21-->src\main\AndroidManifest.xml:8:5-41:19
22        android:name="androidx.multidex.MultiDexApplication"
23        android:appComponentFactory="androidx.core.app.CoreComponentFactory"
23-->[androidx.core:core:1.8.0] AndroidManifest.xml:24:18-86
24        android:debuggable="true"
25        android:icon="@mipmap/ic_launcher"
25-->src\main\AndroidManifest.xml:10:9-43
26        android:label="NSG Biolab" >
26-->src\main\AndroidManifest.xml:9:9-35
27        <activity
27-->src\main\AndroidManifest.xml:11:9-34:20
28            android:name="com.example.codebase.MainActivity"
28-->src\main\AndroidManifest.xml:12:13-41
29            android:configChanges="orientation|keyboardHidden|keyboard|screenSize|smallestScreenSize|locale|layoutDirection|fontScale|screenLayout|density|uiMode"
29-->src\main\AndroidManifest.xml:16:13-163
30            android:exported="true"
30-->src\main\AndroidManifest.xml:13:13-36
31            android:hardwareAccelerated="true"
31-->src\main\AndroidManifest.xml:17:13-47
32            android:launchMode="singleTop"
32-->src\main\AndroidManifest.xml:14:13-43
33            android:theme="@style/LaunchTheme"
33-->src\main\AndroidManifest.xml:15:13-47
34            android:windowSoftInputMode="adjustResize" >
34-->src\main\AndroidManifest.xml:18:13-55
35
36            <!--
37            Specifies an Android theme to apply to this Activity as soon as
38                 the
39            Android process has started. This theme is visible to the user
40                 while
41            the Flutter UI initializes. After that, this theme continues
42                 to
43            determine the Window background behind the Flutter UI.
44            -->
45            <meta-data
45-->src\main\AndroidManifest.xml:26:13-29:15
46                android:name="io.flutter.embedding.android.NormalTheme"
46-->src\main\AndroidManifest.xml:27:17-72
47                android:resource="@style/NormalTheme" />
47-->src\main\AndroidManifest.xml:28:17-54
48
49            <intent-filter>
49-->src\main\AndroidManifest.xml:30:13-33:29
50                <action android:name="android.intent.action.MAIN" />
50-->src\main\AndroidManifest.xml:31:17-69
50-->src\main\AndroidManifest.xml:31:25-66
51
52                <category android:name="android.intent.category.LAUNCHER" />
52-->src\main\AndroidManifest.xml:32:17-77
52-->src\main\AndroidManifest.xml:32:27-74
53            </intent-filter>
54        </activity>
55        <!--
56        Don't delete the meta-data below.
57             This is used by the Flutter tool to
58        generate GeneratedPluginRegistrant.java
59        -->
60        <meta-data
60-->src\main\AndroidManifest.xml:38:9-40:33
61            android:name="flutterEmbedding"
61-->src\main\AndroidManifest.xml:39:13-44
62            android:value="2" />
62-->src\main\AndroidManifest.xml:40:13-30
63
64        <provider
64-->[:image_picker_android] AndroidManifest.xml:10:9-18:20
65            android:name="io.flutter.plugins.imagepicker.ImagePickerFileProvider"
65-->[:image_picker_android] AndroidManifest.xml:11:13-82
66            android:authorities="sg.vinova.application.dev.flutter.image_provider"
66-->[:image_picker_android] AndroidManifest.xml:12:13-74
67            android:exported="false"
67-->[:image_picker_android] AndroidManifest.xml:13:13-37
68            android:grantUriPermissions="true" >
68-->[:image_picker_android] AndroidManifest.xml:14:13-47
69            <meta-data
69-->[:image_picker_android] AndroidManifest.xml:15:13-17:75
70                android:name="android.support.FILE_PROVIDER_PATHS"
70-->[:image_picker_android] AndroidManifest.xml:16:17-67
71                android:resource="@xml/flutter_image_picker_file_paths" />
71-->[:image_picker_android] AndroidManifest.xml:17:17-72
72        </provider>
73
74        <uses-library
74-->[androidx.window:window:1.0.0-beta04] AndroidManifest.xml:25:9-27:40
75            android:name="androidx.window.extensions"
75-->[androidx.window:window:1.0.0-beta04] AndroidManifest.xml:26:13-54
76            android:required="false" />
76-->[androidx.window:window:1.0.0-beta04] AndroidManifest.xml:27:13-37
77        <uses-library
77-->[androidx.window:window:1.0.0-beta04] AndroidManifest.xml:28:9-30:40
78            android:name="androidx.window.sidecar"
78-->[androidx.window:window:1.0.0-beta04] AndroidManifest.xml:29:13-51
79            android:required="false" />
79-->[androidx.window:window:1.0.0-beta04] AndroidManifest.xml:30:13-37
80    </application>
81
82</manifest>